#
# A fatal error has been detected by the Java Runtime Environment:
#
#  EXCEPTION_ACCESS_VIOLATION (0xc0000005) at pc=0x000000006f26114d, pid=4396, tid=0x0000000000000a9c
#
# JRE version: Java(TM) SE Runtime Environment (8.0_191-b12) (build 1.8.0_191-b12)
# Java VM: Java HotSpot(TM) 64-Bit Server VM (25.191-b12 mixed mode windows-amd64 compressed oops)
# Problematic frame:
# V  [jvm.dll+0x4c114d]
#
# Failed to write core dump. Minidumps are not enabled by default on client versions of Windows
#
# If you would like to submit a bug report, please visit:
#   http://bugreport.java.com/bugreport/crash.jsp
#

---------------  T H R E A D  ---------------

Current thread (0x0000000053b44800):  JavaThread "C2 CompilerThread0" daemon [_thread_in_native, id=2716, stack(0x0000000054ac0000,0x0000000054bc0000)]

siginfo: ExceptionCode=0xc0000005, reading address 0x0000040055a75a68

Registers:
RAX=0x0000000056e0ac40, RBX=0x0000040055a75a60, RCX=0x0000000054bbc2b0, RDX=0x0000000000004000
RSP=0x0000000054bbbd70, RBP=0x0000000055a79708, RSI=0x0000000000000cd9, RDI=0x0000000054bbc2d0
R8 =0x0000000056fd1190, R9 =0x0000000000000066, R10=0x0000000002000000, R11=0x0000000000000001
R12=0x0000000054bbbe78, R13=0x0000000054bbc2b0, R14=0x00000000000001ff, R15=0x0000000000000160
RIP=0x000000006f26114d, EFLAGS=0x0000000000010206

Top of Stack: (sp=0x0000000054bbbd70)
0x0000000054bbbd70:   0000000000000093 0000000000000160
0x0000000054bbbd80:   00000000000001ff 0000000054bbbe78
0x0000000054bbbd90:   0000000054bbc2b0 000000006f26eb00
0x0000000054bbbda0:   0000000055a79708 000000000000001d
0x0000000054bbbdb0:   0000000054bbc2b0 0000000054bbbe78
0x0000000054bbbdc0:   0000000055a796c0 0000000000000001
0x0000000054bbbdd0:   0000000054bbbec8 000000006f26f5ad
0x0000000054bbbde0:   0000000054bbbec8 00000000000000eb
0x0000000054bbbdf0:   0000000054bbc2b0 0000000056dd8d50
0x0000000054bbbe00:   0000000056c0fe30 0000000053b42df0
0x0000000054bbbe10:   0000000054bbc2b0 000000006f26888b
0x0000000054bbbe20:   0000000054bbbf20 0000000000000001
0x0000000054bbbe30:   0000000056dd8d50 0000000054bbc2b0
0x0000000054bbbe40:   0000000056c0fe80 0000000056c17e18
0x0000000054bbbe50:   00000000001e8ab8 0000000053b42df0
0x0000000054bbbe60:   0000000000002000 0000000057013640 

Instructions: (pc=0x000000006f26114d)
0x000000006f26112d:   ec 20 8b 72 28 8b 51 28 48 8d 79 20 3b f2 73 0a
0x000000006f26113d:   48 8b 47 10 48 8b 1c f0 eb 02 33 db 48 83 e3 fe
0x000000006f26114d:   48 8b 43 08 48 83 38 00 75 34 8b 43 28 3b c2 73
0x000000006f26115d:   0c 8b c8 48 8b 47 10 48 8b 1c c8 eb 02 33 db 48 


Register to memory mapping:

RAX=0x0000000056e0ac40 is an unknown value
RBX=0x0000040055a75a60 is an unknown value
RCX=0x0000000054bbc2b0 is pointing into the stack for thread: 0x0000000053b44800
RDX=0x0000000000004000 is an unknown value
RSP=0x0000000054bbbd70 is pointing into the stack for thread: 0x0000000053b44800
RBP=0x0000000055a79708 is an unknown value
RSI=0x0000000000000cd9 is an unknown value
RDI=0x0000000054bbc2d0 is pointing into the stack for thread: 0x0000000053b44800
R8 =0x0000000056fd1190 is an unknown value
R9 =0x0000000000000066 is an unknown value
R10=0x0000000002000000 is an unknown value
R11=0x0000000000000001 is an unknown value
R12=0x0000000054bbbe78 is pointing into the stack for thread: 0x0000000053b44800
R13=0x0000000054bbc2b0 is pointing into the stack for thread: 0x0000000053b44800
R14=0x00000000000001ff is an unknown value
R15=0x0000000000000160 is an unknown value


Stack: [0x0000000054ac0000,0x0000000054bc0000],  sp=0x0000000054bbbd70,  free space=1007k
Native frames: (J=compiled Java code, j=interpreted, Vv=VM code, C=native code)
V  [jvm.dll+0x4c114d]
V  [jvm.dll+0x4ceb00]
V  [jvm.dll+0x4cf5ad]
V  [jvm.dll+0x4c888b]
V  [jvm.dll+0x478a80]
V  [jvm.dll+0x4798b3]
V  [jvm.dll+0x45c162]
V  [jvm.dll+0xa6c82]
V  [jvm.dll+0xa75cf]
V  [jvm.dll+0x2461df]
V  [jvm.dll+0x29eb9a]
C  [msvcr100.dll+0x21d9f]
C  [msvcr100.dll+0x21e3b]
C  [kernel32.dll+0x159cd]
C  [ntdll.dll+0x2a561]


Current CompileTask:
C2:  11778 1514   !   4       org.apache.maven.model.interpolation.StringSearchModelInterpolator$InterpolateObjectAction::traverseObjectWithParents (118 bytes)


---------------  P R O C E S S  ---------------

Java Threads: ( => current thread )
  0x0000000055042800 JavaThread "Service Thread" daemon [_thread_blocked, id=5272, stack(0x00000000555f0000,0x00000000556f0000)]
  0x0000000053b9f800 JavaThread "C1 CompilerThread1" daemon [_thread_blocked, id=5800, stack(0x0000000054f30000,0x0000000055030000)]
=>0x0000000053b44800 JavaThread "C2 CompilerThread0" daemon [_thread_in_native, id=2716, stack(0x0000000054ac0000,0x0000000054bc0000)]
  0x0000000053b53000 JavaThread "Attach Listener" daemon [_thread_blocked, id=5916, stack(0x0000000054e00000,0x0000000054f00000)]
  0x0000000053b51800 JavaThread "Signal Dispatcher" daemon [_thread_blocked, id=6032, stack(0x0000000054bf0000,0x0000000054cf0000)]
  0x0000000053b30800 JavaThread "Finalizer" daemon [_thread_blocked, id=932, stack(0x0000000054590000,0x0000000054690000)]
  0x0000000053b27000 JavaThread "Reference Handler" daemon [_thread_blocked, id=3788, stack(0x00000000548a0000,0x00000000549a0000)]
  0x0000000001eb0000 JavaThread "main" [_thread_in_native, id=3864, stack(0x00000000021c0000,0x00000000022c0000)]

Other Threads:
  0x0000000053adf000 VMThread [stack: 0x0000000054710000,0x0000000054810000] [id=4988]
  0x000000005504b800 WatcherThread [stack: 0x0000000055450000,0x0000000055550000] [id=800]

VM state:not at safepoint (normal execution)

VM Mutex/Monitor currently owned by a thread: None

Heap:
 PSYoungGen      total 50176K, used 13927K [0x00000000f2180000, 0x00000000f5780000, 0x0000000100000000)
  eden space 45056K, 24% used [0x00000000f2180000,0x00000000f2c25e00,0x00000000f4d80000)
  from space 5120K, 59% used [0x00000000f5280000,0x00000000f5574010,0x00000000f5780000)
  to   space 5120K, 0% used [0x00000000f4d80000,0x00000000f4d80000,0x00000000f5280000)
 ParOldGen       total 28672K, used 7935K [0x00000000d6400000, 0x00000000d8000000, 0x00000000f2180000)
  object space 28672K, 27% used [0x00000000d6400000,0x00000000d6bbfdc0,0x00000000d8000000)
 Metaspace       used 13175K, capacity 13514K, committed 13824K, reserved 1060864K
  class space    used 1602K, capacity 1687K, committed 1792K, reserved 1048576K

Card table byte_map: [0x0000000001f90000,0x00000000020e0000] byte_map_base: 0x00000000018de000

Marking Bits: (ParMarkBitMap*) 0x000000006f5c3e30
 Begin Bits: [0x0000000011cd0000, 0x0000000012740000)
 End Bits:   [0x0000000012740000, 0x00000000131b0000)

Polling page: 0x0000000000410000

CodeCache: size=245760Kb used=6172Kb max_used=6172Kb free=239587Kb
 bounds [0x0000000002590000, 0x0000000002ba0000, 0x0000000011590000]
 total_blobs=2201 nmethods=1875 adapters=238
 compilation: enabled

Compilation events (10 events):
Event: 11.543 Thread 0x0000000053b9f800 nmethod 1881 0x0000000002b95690 code [0x0000000002b957e0, 0x0000000002b95930]
Event: 11.543 Thread 0x0000000053b9f800 1885       1       org.codehaus.plexus.classworlds.realm.Entry::getClassLoader (5 bytes)
Event: 11.543 Thread 0x0000000053b9f800 nmethod 1885 0x0000000002b959d0 code [0x0000000002b95b20, 0x0000000002b95c30]
Event: 11.543 Thread 0x0000000053b9f800 1883       1       com.google.inject.internal.InternalContext::getDependency (5 bytes)
Event: 11.543 Thread 0x0000000053b9f800 nmethod 1883 0x0000000002b95c90 code [0x0000000002b95de0, 0x0000000002b95ef0]
Event: 11.543 Thread 0x0000000053b9f800 1884       1       com.google.inject.internal.ProviderToInternalFactoryAdapter::access$000 (5 bytes)
Event: 11.544 Thread 0x0000000053b9f800 nmethod 1884 0x0000000002b95f50 code [0x0000000002b960a0, 0x0000000002b96190]
Event: 11.547 Thread 0x0000000053b9f800 1886   !   2       com.google.inject.internal.FailableCache$1::apply (48 bytes)
Event: 11.548 Thread 0x0000000053b9f800 nmethod 1886 0x0000000002b96210 code [0x0000000002b963a0, 0x0000000002b96668]
Event: 11.562 Thread 0x0000000053b9f800 1887       2       java.lang.ref.ReferenceQueue::<init> (27 bytes)

GC Heap History (10 events):
Event: 4.800 GC heap before
{Heap before GC invocations=2 (full 0):
 PSYoungGen      total 12800K, used 12785K [0x00000000f2180000, 0x00000000f2f80000, 0x0000000100000000)
  eden space 11264K, 100% used [0x00000000f2180000,0x00000000f2c80000,0x00000000f2c80000)
  from space 1536K, 99% used [0x00000000f2c80000,0x00000000f2dfc618,0x00000000f2e00000)
  to   space 1536K, 0% used [0x00000000f2e00000,0x00000000f2e00000,0x00000000f2f80000)
 ParOldGen       total 28672K, used 997K [0x00000000d6400000, 0x00000000d8000000, 0x00000000f2180000)
  object space 28672K, 3% used [0x00000000d6400000,0x00000000d64f9508,0x00000000d8000000)
 Metaspace       used 6825K, capacity 7048K, committed 7168K, reserved 1056768K
  class space    used 846K, capacity 924K, committed 1024K, reserved 1048576K
Event: 4.826 GC heap after
Heap after GC invocations=2 (full 0):
 PSYoungGen      total 12800K, used 1520K [0x00000000f2180000, 0x00000000f3a80000, 0x0000000100000000)
  eden space 11264K, 0% used [0x00000000f2180000,0x00000000f2180000,0x00000000f2c80000)
  from space 1536K, 98% used [0x00000000f2e00000,0x00000000f2f7c010,0x00000000f2f80000)
  to   space 1536K, 0% used [0x00000000f2c80000,0x00000000f2c80000,0x00000000f2e00000)
 ParOldGen       total 28672K, used 1473K [0x00000000d6400000, 0x00000000d8000000, 0x00000000f2180000)
  object space 28672K, 5% used [0x00000000d6400000,0x00000000d65706e8,0x00000000d8000000)
 Metaspace       used 6825K, capacity 7048K, committed 7168K, reserved 1056768K
  class space    used 846K, capacity 924K, committed 1024K, reserved 1048576K
}
Event: 5.560 GC heap before
{Heap before GC invocations=3 (full 0):
 PSYoungGen      total 12800K, used 12784K [0x00000000f2180000, 0x00000000f3a80000, 0x0000000100000000)
  eden space 11264K, 100% used [0x00000000f2180000,0x00000000f2c80000,0x00000000f2c80000)
  from space 1536K, 98% used [0x00000000f2e00000,0x00000000f2f7c010,0x00000000f2f80000)
  to   space 1536K, 0% used [0x00000000f2c80000,0x00000000f2c80000,0x00000000f2e00000)
 ParOldGen       total 28672K, used 1473K [0x00000000d6400000, 0x00000000d8000000, 0x00000000f2180000)
  object space 28672K, 5% used [0x00000000d6400000,0x00000000d65706e8,0x00000000d8000000)
 Metaspace       used 7744K, capacity 7956K, committed 8064K, reserved 1056768K
  class space    used 985K, capacity 1054K, committed 1152K, reserved 1048576K
Event: 5.576 GC heap after
Heap after GC invocations=3 (full 0):
 PSYoungGen      total 12800K, used 1536K [0x00000000f2180000, 0x00000000f3a80000, 0x0000000100000000)
  eden space 11264K, 0% used [0x00000000f2180000,0x00000000f2180000,0x00000000f2c80000)
  from space 1536K, 100% used [0x00000000f2c80000,0x00000000f2e00000,0x00000000f2e00000)
  to   space 1536K, 0% used [0x00000000f3900000,0x00000000f3900000,0x00000000f3a80000)
 ParOldGen       total 28672K, used 2570K [0x00000000d6400000, 0x00000000d8000000, 0x00000000f2180000)
  object space 28672K, 8% used [0x00000000d6400000,0x00000000d6682a60,0x00000000d8000000)
 Metaspace       used 7744K, capacity 7956K, committed 8064K, reserved 1056768K
  class space    used 985K, capacity 1054K, committed 1152K, reserved 1048576K
}
Event: 6.773 GC heap before
{Heap before GC invocations=4 (full 0):
 PSYoungGen      total 12800K, used 12800K [0x00000000f2180000, 0x00000000f3a80000, 0x0000000100000000)
  eden space 11264K, 100% used [0x00000000f2180000,0x00000000f2c80000,0x00000000f2c80000)
  from space 1536K, 100% used [0x00000000f2c80000,0x00000000f2e00000,0x00000000f2e00000)
  to   space 1536K, 0% used [0x00000000f3900000,0x00000000f3900000,0x00000000f3a80000)
 ParOldGen       total 28672K, used 2570K [0x00000000d6400000, 0x00000000d8000000, 0x00000000f2180000)
  object space 28672K, 8% used [0x00000000d6400000,0x00000000d6682a60,0x00000000d8000000)
 Metaspace       used 9266K, capacity 9448K, committed 9728K, reserved 1058816K
  class space    used 1193K, capacity 1249K, committed 1280K, reserved 1048576K
Event: 6.789 GC heap after
Heap after GC invocations=4 (full 0):
 PSYoungGen      total 24064K, used 1536K [0x00000000f2180000, 0x00000000f3a80000, 0x0000000100000000)
  eden space 22528K, 0% used [0x00000000f2180000,0x00000000f2180000,0x00000000f3780000)
  from space 1536K, 100% used [0x00000000f3900000,0x00000000f3a80000,0x00000000f3a80000)
  to   space 1536K, 0% used [0x00000000f3780000,0x00000000f3780000,0x00000000f3900000)
 ParOldGen       total 28672K, used 4259K [0x00000000d6400000, 0x00000000d8000000, 0x00000000f2180000)
  object space 28672K, 14% used [0x00000000d6400000,0x00000000d6828c00,0x00000000d8000000)
 Metaspace       used 9266K, capacity 9448K, committed 9728K, reserved 1058816K
  class space    used 1193K, capacity 1249K, committed 1280K, reserved 1048576K
}
Event: 9.484 GC heap before
{Heap before GC invocations=5 (full 0):
 PSYoungGen      total 24064K, used 24064K [0x00000000f2180000, 0x00000000f3a80000, 0x0000000100000000)
  eden space 22528K, 100% used [0x00000000f2180000,0x00000000f3780000,0x00000000f3780000)
  from space 1536K, 100% used [0x00000000f3900000,0x00000000f3a80000,0x00000000f3a80000)
  to   space 1536K, 0% used [0x00000000f3780000,0x00000000f3780000,0x00000000f3900000)
 ParOldGen       total 28672K, used 4259K [0x00000000d6400000, 0x00000000d8000000, 0x00000000f2180000)
  object space 28672K, 14% used [0x00000000d6400000,0x00000000d6828c00,0x00000000d8000000)
 Metaspace       used 12198K, capacity 12486K, committed 12672K, reserved 1060864K
  class space    used 1502K, capacity 1581K, committed 1664K, reserved 1048576K
Event: 9.506 GC heap after
Heap after GC invocations=5 (full 0):
 PSYoungGen      total 24064K, used 1520K [0x00000000f2180000, 0x00000000f5780000, 0x0000000100000000)
  eden space 22528K, 0% used [0x00000000f2180000,0x00000000f2180000,0x00000000f3780000)
  from space 1536K, 98% used [0x00000000f3780000,0x00000000f38fc010,0x00000000f3900000)
  to   space 5120K, 0% used [0x00000000f5280000,0x00000000f5280000,0x00000000f5780000)
 ParOldGen       total 28672K, used 7935K [0x00000000d6400000, 0x00000000d8000000, 0x00000000f2180000)
  object space 28672K, 27% used [0x00000000d6400000,0x00000000d6bbfdc0,0x00000000d8000000)
 Metaspace       used 12198K, capacity 12486K, committed 12672K, reserved 1060864K
  class space    used 1502K, capacity 1581K, committed 1664K, reserved 1048576K
}
Event: 10.882 GC heap before
{Heap before GC invocations=6 (full 0):
 PSYoungGen      total 24064K, used 24048K [0x00000000f2180000, 0x00000000f5780000, 0x0000000100000000)
  eden space 22528K, 100% used [0x00000000f2180000,0x00000000f3780000,0x00000000f3780000)
  from space 1536K, 98% used [0x00000000f3780000,0x00000000f38fc010,0x00000000f3900000)
  to   space 5120K, 0% used [0x00000000f5280000,0x00000000f5280000,0x00000000f5780000)
 ParOldGen       total 28672K, used 7935K [0x00000000d6400000, 0x00000000d8000000, 0x00000000f2180000)
  object space 28672K, 27% used [0x00000000d6400000,0x00000000d6bbfdc0,0x00000000d8000000)
 Metaspace       used 12673K, capacity 12978K, committed 13184K, reserved 1060864K
  class space    used 1536K, capacity 1615K, committed 1664K, reserved 1048576K
Event: 11.041 GC heap after
Heap after GC invocations=6 (full 0):
 PSYoungGen      total 50176K, used 3024K [0x00000000f2180000, 0x00000000f5780000, 0x0000000100000000)
  eden space 45056K, 0% used [0x00000000f2180000,0x00000000f2180000,0x00000000f4d80000)
  from space 5120K, 59% used [0x00000000f5280000,0x00000000f5574010,0x00000000f5780000)
  to   space 5120K, 0% used [0x00000000f4d80000,0x00000000f4d80000,0x00000000f5280000)
 ParOldGen       total 28672K, used 7935K [0x00000000d6400000, 0x00000000d8000000, 0x00000000f2180000)
  object space 28672K, 27% used [0x00000000d6400000,0x00000000d6bbfdc0,0x00000000d8000000)
 Metaspace       used 12673K, capacity 12978K, committed 13184K, reserved 1060864K
  class space    used 1536K, capacity 1615K, committed 1664K, reserved 1048576K
}

Deoptimization events (10 events):
Event: 8.297 Thread 0x0000000001eb0000 Uncommon trap: reason=unstable_if action=reinterpret pc=0x000000000273464c method=java.lang.String.replace(CC)Ljava/lang/String; @ 2
Event: 8.886 Thread 0x0000000001eb0000 Uncommon trap: reason=unstable_if action=reinterpret pc=0x00000000028bb9ec method=sun.nio.cs.UTF_8$Decoder.decode([BII[C)I @ 30
Event: 8.887 Thread 0x0000000001eb0000 Uncommon trap: reason=unstable_if action=reinterpret pc=0x0000000002820c74 method=sun.nio.cs.UTF_8$Decoder.decodeArrayLoop(Ljava/nio/ByteBuffer;Ljava/nio/CharBuffer;)Ljava/nio/charset/CoderResult; @ 84
Event: 9.033 Thread 0x0000000001eb0000 Uncommon trap: reason=unstable_if action=reinterpret pc=0x00000000029deb5c method=org.codehaus.plexus.util.xml.pull.MXParser.nextImpl()I @ 1149
Event: 9.150 Thread 0x0000000001eb0000 Uncommon trap: reason=unstable_if action=reinterpret pc=0x000000000287e2e8 method=java.util.HashMap.hash(Ljava/lang/Object;)I @ 1
Event: 9.150 Thread 0x0000000001eb0000 Uncommon trap: reason=unstable_if action=reinterpret pc=0x0000000002869364 method=java.util.HashMap.hash(Ljava/lang/Object;)I @ 1
Event: 9.301 Thread 0x0000000001eb0000 Uncommon trap: reason=unstable_if action=reinterpret pc=0x0000000002a3c0d0 method=org.codehaus.plexus.util.xml.pull.MXParser.nextImpl()I @ 867
Event: 9.633 Thread 0x0000000001eb0000 Uncommon trap: reason=unstable_if action=reinterpret pc=0x0000000002a963a4 method=org.codehaus.plexus.util.xml.pull.MXParser.nextImpl()I @ 280
Event: 9.796 Thread 0x0000000001eb0000 Uncommon trap: reason=null_check action=make_not_entrant pc=0x0000000002ad04dc method=org.apache.maven.model.io.xpp3.MavenXpp3Reader.checkFieldWithDuplicate(Lorg/codehaus/plexus/util/xml/pull/XmlPullParser;Ljava/lang/String;Ljava/lang/String;Ljava/util/Se
Event: 10.072 Thread 0x0000000001eb0000 Uncommon trap: reason=unstable_if action=reinterpret pc=0x00000000028f2e7c method=java.util.HashMap.hash(Ljava/lang/Object;)I @ 1

Classes redefined (0 events):
No events

Internal exceptions (10 events):
Event: 4.958 Thread 0x0000000001eb0000 Exception <a 'java/lang/ArrayIndexOutOfBoundsException'> (0x00000000f26c95c8) thrown at [C:\re\workspace\8-2-build-windows-amd64-cygwin\jdk8u191\11896\hotspot\src\share\vm\runtime\sharedRuntime.cpp, line 605]
Event: 5.456 Thread 0x0000000001eb0000 Exception <a 'java/lang/NoClassDefFoundError': org/slf4j/Logger> (0x00000000f2b47ed8) thrown at [C:\re\workspace\8-2-build-windows-amd64-cygwin\jdk8u191\11896\hotspot\src\share\vm\classfile\systemDictionary.cpp, line 199]
Event: 5.850 Thread 0x0000000001eb0000 Exception <a 'java/lang/NoClassDefFoundError': org/slf4j/LoggerFactory> (0x00000000f2315208) thrown at [C:\re\workspace\8-2-build-windows-amd64-cygwin\jdk8u191\11896\hotspot\src\share\vm\classfile\systemDictionary.cpp, line 199]
Event: 5.850 Thread 0x0000000001eb0000 Exception <a 'java/lang/NoClassDefFoundError'> (0x00000000f2315208) thrown at [C:\re\workspace\8-2-build-windows-amd64-cygwin\jdk8u191\11896\hotspot\src\share\vm\oops\instanceKlass.cpp, line 959]
Event: 7.658 Thread 0x0000000001eb0000 Implicit null exception at 0x000000000276c992 to 0x000000000276cb41
Event: 9.150 Thread 0x0000000001eb0000 Implicit null exception at 0x000000000287e105 to 0x000000000287e2d9
Event: 9.150 Thread 0x0000000001eb0000 Implicit null exception at 0x00000000028692ef to 0x0000000002869355
Event: 9.796 Thread 0x0000000001eb0000 Implicit null exception at 0x0000000002acf4cc to 0x0000000002ad04d1
Event: 10.072 Thread 0x0000000001eb0000 Implicit null exception at 0x00000000028f276b to 0x00000000028f2e61
Event: 11.536 Thread 0x0000000001eb0000 Exception <a 'java/lang/NoClassDefFoundError': org/slf4j/Logger> (0x00000000f28bf5a0) thrown at [C:\re\workspace\8-2-build-windows-amd64-cygwin\jdk8u191\11896\hotspot\src\share\vm\oops\constantPool.cpp, line 235]

Events (10 events):
Event: 11.559 loading class org/apache/maven/model/Resource
Event: 11.559 loading class org/apache/maven/model/Resource done
Event: 11.559 loading class org/apache/maven/model/Resource
Event: 11.559 loading class org/apache/maven/model/Resource done
Event: 11.559 loading class org/apache/maven/model/Resource
Event: 11.559 loading class org/apache/maven/model/Resource done
Event: 11.559 loading class org/codehaus/plexus/util/Scanner
Event: 11.559 loading class org/codehaus/plexus/util/Scanner done
Event: 11.559 loading class org/codehaus/plexus/util/Scanner
Event: 11.559 loading class org/codehaus/plexus/util/Scanner done


Dynamic libraries:
0x000000013f050000 - 0x000000013f087000 	C:\Program Files\Java\jdk1.8.0_191\bin\java.exe
0x00000000772d0000 - 0x000000007747a000 	C:\Windows\SYSTEM32\ntdll.dll
0x00000000770b0000 - 0x00000000771cf000 	C:\Windows\system32\kernel32.dll
0x000007fefd050000 - 0x000007fefd0ba000 	C:\Windows\system32\KERNELBASE.dll
0x000007fefd460000 - 0x000007fefd53b000 	C:\Windows\system32\ADVAPI32.dll
0x000007fefe710000 - 0x000007fefe7af000 	C:\Windows\system32\msvcrt.dll
0x000007feff540000 - 0x000007feff55f000 	C:\Windows\SYSTEM32\sechost.dll
0x000007fefd9c0000 - 0x000007fefdaed000 	C:\Windows\system32\RPCRT4.dll
0x00000000771d0000 - 0x00000000772ca000 	C:\Windows\system32\USER32.dll
0x000007fefde40000 - 0x000007fefdea7000 	C:\Windows\system32\GDI32.dll
0x000007fefdeb0000 - 0x000007fefdebe000 	C:\Windows\system32\LPK.dll
0x000007fefd540000 - 0x000007fefd60b000 	C:\Windows\system32\USP10.dll
0x000007fefbb10000 - 0x000007fefbd04000 	C:\Windows\WinSxS\amd64_microsoft.windows.common-controls_6595b64144ccf1df_6.0.7601.18837_none_fa3b1e3d17594757\COMCTL32.dll
0x000007feff560000 - 0x000007feff5d1000 	C:\Windows\system32\SHLWAPI.dll
0x000007fefd6b0000 - 0x000007fefd6de000 	C:\Windows\system32\IMM32.DLL
0x000007fefdec0000 - 0x000007fefdfc9000 	C:\Windows\system32\MSCTF.dll
0x0000000074850000 - 0x0000000074922000 	C:\Program Files\Java\jdk1.8.0_191\jre\bin\msvcr100.dll
0x000000006eda0000 - 0x000000006f644000 	C:\Program Files\Java\jdk1.8.0_191\jre\bin\server\jvm.dll
0x000007fefa760000 - 0x000007fefa769000 	C:\Windows\system32\WSOCK32.dll
0x000007fefdfd0000 - 0x000007fefe01d000 	C:\Windows\system32\WS2_32.dll
0x000007fefe680000 - 0x000007fefe688000 	C:\Windows\system32\NSI.dll
0x000007fefb460000 - 0x000007fefb49b000 	C:\Windows\system32\WINMM.dll
0x000007fefc050000 - 0x000007fefc05c000 	C:\Windows\system32\VERSION.dll
0x0000000077490000 - 0x0000000077497000 	C:\Windows\system32\PSAPI.DLL
0x0000000074b80000 - 0x0000000074b8f000 	C:\Program Files\Java\jdk1.8.0_191\jre\bin\verify.dll
0x0000000074b50000 - 0x0000000074b79000 	C:\Program Files\Java\jdk1.8.0_191\jre\bin\java.dll
0x0000000074af0000 - 0x0000000074b06000 	C:\Program Files\Java\jdk1.8.0_191\jre\bin\zip.dll
0x000007fefe7b0000 - 0x000007feff53a000 	C:\Windows\system32\SHELL32.dll
0x000007fefe1b0000 - 0x000007fefe3ac000 	C:\Windows\system32\ole32.dll
0x000007fefcfc0000 - 0x000007fefcfcf000 	C:\Windows\system32\profapi.dll
0x000007fefcdc0000 - 0x000007fefce17000 	C:\Windows\system32\apphelp.dll
0x0000000074ac0000 - 0x0000000074ada000 	C:\Program Files\Java\jdk1.8.0_191\jre\bin\net.dll
0x000007fefc750000 - 0x000007fefc7a5000 	C:\Windows\system32\mswsock.dll
0x000007fefc740000 - 0x000007fefc747000 	C:\Windows\System32\wship6.dll
0x0000000074aa0000 - 0x0000000074ab1000 	C:\Program Files\Java\jdk1.8.0_191\jre\bin\nio.dll
0x000007fef36e0000 - 0x000007fef3805000 	C:\Windows\system32\dbghelp.dll

VM Arguments:
jvm_args: -Dclassworlds.conf=C:\Program Files\NetBeans 8.2\java\maven\bin\m2.conf -Dmaven.home=C:\Program Files\NetBeans 8.2\java\maven 
java_command: org.codehaus.plexus.classworlds.launcher.Launcher -Dnetbeans.deploy=true -Dnetbeans.deploy.clientUrlPart=/faces/AgregarSubcategoria.xhtml -Dmaven.ext.class.path=C:\Program Files\NetBeans 8.2\java\maven-nblib\netbeans-eventspy.jar package
java_class_path (initial): C:\Program Files\NetBeans 8.2\java\maven\boot\plexus-classworlds-2.4.jar
Launcher Type: SUN_STANDARD

Environment Variables:
JAVA_HOME=C:\Program Files\Java\jdk1.8.0_191
PATH=C:\Program Files (x86)\Common Files\Oracle\Java\javapath;C:\Program Files\Common Files\Microsoft Shared\Windows Live;C:\Program Files (x86)\Common Files\Microsoft Shared\Windows Live;C:\Windows\system32;C:\Windows;C:\Windows\System32\Wbem;C:\Windows\System32\WindowsPowerShell\v1.0\;C:\Program Files (x86)\Windows Live\Shared;C:\Program Files (x86)\ATI Technologies\ATI.ACE\Core-Static;C:\Program Files\Microsoft SQL Server\130\Tools\Binn\;C:\Program Files\Microsoft SQL Server\110\Tools\Binn\;C:\Program Files\Microsoft SQL Server\120\Tools\Binn\;C:\PostgreSQL\pg10\bin;C:\Program Files\Git\cmd
USERNAME=Janeth
OS=Windows_NT
PROCESSOR_IDENTIFIER=AMD64 Family 20 Model 1 Stepping 0, AuthenticAMD



---------------  S Y S T E M  ---------------

OS: Windows 7 , 64 bit Build 7601 (6.1.7601.23915)

CPU:total 2 (initial active 2) (2 cores per cpu, 1 threads per core) family 20 model 1 stepping 0, cmov, cx8, fxsr, mmx, sse, sse2, sse3, ssse3, popcnt, mmxext, lzcnt, sse4a, tsc, tscinvbit, tscinv

Memory: 4k page, physical 2730908k(414364k free), swap 5459956k(2284268k free)

vm_info: Java HotSpot(TM) 64-Bit Server VM (25.191-b12) for windows-amd64 JRE (1.8.0_191-b12), built on Oct  6 2018 09:29:03 by "java_re" with MS VC++ 10.0 (VS2010)

time: Sun Oct 28 01:03:42 2018
elapsed time: 11 seconds (0d 0h 0m 11s)

